0 info it worked if it ends with ok
1 verbose cli [ '/usr/local/bin/node', '/usr/local/bin/npm', 'start' ]
2 info using npm@3.8.6
3 info using node@v6.0.0
4 verbose run-script [ 'prestart', 'start', 'poststart' ]
5 info lifecycle recording-webvr@0.0.1~prestart: recording-webvr@0.0.1
6 silly lifecycle recording-webvr@0.0.1~prestart: no script for prestart, continuing
7 info lifecycle recording-webvr@0.0.1~start: recording-webvr@0.0.1
8 verbose lifecycle recording-webvr@0.0.1~start: unsafe-perm in lifecycle true
9 verbose lifecycle recording-webvr@0.0.1~start: PATH: /usr/local/lib/node_modules/npm/bin/node-gyp-bin:/Users/jerome/webwork/recording-webvr/node_modules/.bin:/usr/local/bin:/opt/local/bin:/opt/local/sbin:/opt/local/bin:/opt/local/sbin:/Users/jerome/bin:/Users/jerome/.rvm/gems/ruby-2.0.0-p247/bin:/Users/jerome/.rvm/gems/ruby-2.0.0-p247@global/bin:/Users/jerome/.rvm/rubies/ruby-2.0.0-p247/bin:/opt/local/bin:/opt/local/sbin:/usr/local/bin:/usr/bin:/bin:/usr/sbin:/sbin:/opt/ImageMagick/bin:/Users/jerome/.rvm/bin:/Users/jerome/.rvm/bin:/Applications/Postgres.app/Contents/Versions/9.3/bin
10 verbose lifecycle recording-webvr@0.0.1~start: CWD: /Users/jerome/webwork/recording-webvr
11 silly lifecycle recording-webvr@0.0.1~start: Args: [ '-c', 'cd simple-upload.js && npm start' ]
12 silly lifecycle recording-webvr@0.0.1~start: Returned: code: 1  signal: null
13 info lifecycle recording-webvr@0.0.1~start: Failed to exec start script
14 verbose stack Error: recording-webvr@0.0.1 start: `cd simple-upload.js && npm start`
14 verbose stack Exit status 1
14 verbose stack     at EventEmitter.<anonymous> (/usr/local/lib/node_modules/npm/lib/utils/lifecycle.js:239:16)
14 verbose stack     at emitTwo (events.js:106:13)
14 verbose stack     at EventEmitter.emit (events.js:191:7)
14 verbose stack     at ChildProcess.<anonymous> (/usr/local/lib/node_modules/npm/lib/utils/spawn.js:24:14)
14 verbose stack     at emitTwo (events.js:106:13)
14 verbose stack     at ChildProcess.emit (events.js:191:7)
14 verbose stack     at maybeClose (internal/child_process.js:850:16)
14 verbose stack     at Process.ChildProcess._handle.onexit (internal/child_process.js:215:5)
15 verbose pkgid recording-webvr@0.0.1
16 verbose cwd /Users/jerome/webwork/recording-webvr
17 error Darwin 15.6.0
18 error argv "/usr/local/bin/node" "/usr/local/bin/npm" "start"
19 error node v6.0.0
20 error npm  v3.8.6
21 error code ELIFECYCLE
22 error recording-webvr@0.0.1 start: `cd simple-upload.js && npm start`
22 error Exit status 1
23 error Failed at the recording-webvr@0.0.1 start script 'cd simple-upload.js && npm start'.
23 error Make sure you have the latest version of node.js and npm installed.
23 error If you do, this is most likely a problem with the recording-webvr package,
23 error not with npm itself.
23 error Tell the author that this fails on your system:
23 error     cd simple-upload.js && npm start
23 error You can get information on how to open an issue for this project with:
23 error     npm bugs recording-webvr
23 error Or if that isn't available, you can get their info via:
23 error     npm owner ls recording-webvr
23 error There is likely additional logging output above.
24 verbose exit [ 1, true ]
